<?xml version="1.0" encoding="UTF-8"?>
<testng-results skipped="0" failed="0" ignored="0" total="1" passed="1">
  <reporter-output>
  </reporter-output>
  <suite name="catalina" duration-ms="14055" started-at="2017-09-23T05:42:13Z" finished-at="2017-09-23T05:42:27Z">
    <groups>
    </groups>
    <test name="couponNetwork" duration-ms="14055" started-at="2017-09-23T05:42:13Z" finished-at="2017-09-23T05:42:27Z">
      <class name="executionClasses.FlipkartLogin">
        <test-method status="PASS" signature="checkBeforeClass()[pri:0, instance:executionClasses.FlipkartLogin@57baeedf]" name="checkBeforeClass" is-config="true" duration-ms="14" started-at="2017-09-23T11:12:13Z" finished-at="2017-09-23T11:12:13Z">
          <reporter-output>
          </reporter-output>
        </test-method> <!-- checkBeforeClass -->
        <test-method status="PASS" signature="OpenBrowser()[pri:0, instance:executionClasses.FlipkartLogin@57baeedf]" name="OpenBrowser" is-config="true" duration-ms="3569" started-at="2017-09-23T11:12:13Z" finished-at="2017-09-23T11:12:17Z">
          <reporter-output>
          </reporter-output>
        </test-method> <!-- OpenBrowser -->
        <test-method status="PASS" signature="demo()[pri:0, instance:executionClasses.FlipkartLogin@57baeedf]" name="demo" duration-ms="9204" started-at="2017-09-23T11:12:17Z" finished-at="2017-09-23T11:12:26Z">
          <reporter-output>
          </reporter-output>
        </test-method> <!-- demo -->
        <test-method status="PASS" signature="clearBrowser()[pri:0, instance:executionClasses.FlipkartLogin@57baeedf]" name="clearBrowser" is-config="true" duration-ms="1239" started-at="2017-09-23T11:12:26Z" finished-at="2017-09-23T11:12:27Z">
          <reporter-output>
          </reporter-output>
        </test-method> <!-- clearBrowser -->
        <test-method status="PASS" signature="checkAfterClass()[pri:0, instance:executionClasses.FlipkartLogin@57baeedf]" name="checkAfterClass" is-config="true" duration-ms="0" started-at="2017-09-23T11:12:27Z" finished-at="2017-09-23T11:12:27Z">
          <reporter-output>
          </reporter-output>
        </test-method> <!-- checkAfterClass -->
      </class> <!-- executionClasses.FlipkartLogin -->
    </test> <!-- couponNetwork -->
  </suite> <!-- catalina -->
</testng-results>
